[     142ms] [LOG] [Fast Refresh] rebuilding @ http://localhost:3001/_next/static/chunks/0k5d_next_dist_1qmvpb9._.js:2477
[     217ms] [LOG] [Fast Refresh] done in 175ms @ http://localhost:3001/_next/static/chunks/0k5d_next_dist_1qmvpb9._.js:2477
[     318ms] [LOG] [Fast Refresh] rebuilding @ http://localhost:3001/_next/static/chunks/0k5d_next_dist_1qmvpb9._.js:2477
[     420ms] [LOG] [Fast Refresh] done in 202ms @ http://localhost:3001/_next/static/chunks/0k5d_next_dist_1qmvpb9._.js:2477
[    1243ms] [INFO] %cDownload the React DevTools for a better development experience: https://react.dev/link/react-devtools font-weight:bold @ http://localhost:3001/_next/static/chunks/0k5d_next_dist_1qmvpb9._.js:2477
[    1319ms] [LOG] [HMR] connected @ http://localhost:3001/_next/static/chunks/0k5d_next_dist_1qmvpb9._.js:2477
[    1479ms] [LOG] [Fast Refresh] rebuilding @ http://localhost:3001/_next/static/chunks/0k5d_next_dist_1qmvpb9._.js:2477
[    1954ms] [LOG] [Fast Refresh] done in 608ms @ http://localhost:3001/_next/static/chunks/0k5d_next_dist_1qmvpb9._.js:2477
[    6786ms] [LOG] [Fast Refresh] rebuilding @ http://localhost:3001/_next/static/chunks/0k5d_next_dist_1qmvpb9._.js:2477
[    6865ms] [LOG] [Fast Refresh] done in 179ms @ http://localhost:3001/_next/static/chunks/0k5d_next_dist_1qmvpb9._.js:2477
[   16354ms] [LOG] [Fast Refresh] rebuilding @ http://localhost:3001/_next/static/chunks/0k5d_next_dist_1qmvpb9._.js:2477
[   16573ms] [LOG] [Fast Refresh] done in 318ms @ http://localhost:3001/_next/static/chunks/0k5d_next_dist_1qmvpb9._.js:2477
[   25080ms] [LOG] [Fast Refresh] rebuilding @ http://localhost:3001/_next/static/chunks/0k5d_next_dist_1qmvpb9._.js:2477
[   25223ms] [LOG] [Fast Refresh] done in 243ms @ http://localhost:3001/_next/static/chunks/0k5d_next_dist_1qmvpb9._.js:2477
[   29627ms] [LOG] [Fast Refresh] rebuilding @ http://localhost:3001/_next/static/chunks/0k5d_next_dist_1qmvpb9._.js:2477
[   29632ms] [LOG] [Fast Refresh] done in 104ms @ http://localhost:3001/_next/static/chunks/0k5d_next_dist_1qmvpb9._.js:2477
[   34335ms] [LOG] [Fast Refresh] rebuilding @ http://localhost:3001/_next/static/chunks/0k5d_next_dist_1qmvpb9._.js:2477
[   34430ms] [LOG] [Fast Refresh] done in 195ms @ http://localhost:3001/_next/static/chunks/0k5d_next_dist_1qmvpb9._.js:2477
[   48827ms] [LOG] [Fast Refresh] rebuilding @ http://localhost:3001/_next/static/chunks/0k5d_next_dist_1qmvpb9._.js:2477
[   48856ms] [LOG] [Fast Refresh] done in 129ms @ http://localhost:3001/_next/static/chunks/0k5d_next_dist_1qmvpb9._.js:2477
[  150819ms] [LOG] [Fast Refresh] rebuilding @ http://localhost:3001/_next/static/chunks/0k5d_next_dist_1qmvpb9._.js:2477
[  150836ms] [LOG] [Fast Refresh] done in 117ms @ http://localhost:3001/_next/static/chunks/0k5d_next_dist_1qmvpb9._.js:2477
[  256099ms] [LOG] [Fast Refresh] rebuilding @ http://localhost:3001/_next/static/chunks/0k5d_next_dist_1qmvpb9._.js:2477
[  256339ms] [LOG] [Fast Refresh] done in 340ms @ http://localhost:3001/_next/static/chunks/0k5d_next_dist_1qmvpb9._.js:2477
