[     123ms] [LOG] [Fast Refresh] rebuilding @ http://localhost:3001/_next/static/chunks/0k5d_next_dist_1qmvpb9._.js:2477
[     261ms] [LOG] [Fast Refresh] done in 238ms @ http://localhost:3001/_next/static/chunks/0k5d_next_dist_1qmvpb9._.js:2477
[     362ms] [LOG] [Fast Refresh] rebuilding @ http://localhost:3001/_next/static/chunks/0k5d_next_dist_1qmvpb9._.js:2477
[     437ms] [LOG] [Fast Refresh] done in 174ms @ http://localhost:3001/_next/static/chunks/0k5d_next_dist_1qmvpb9._.js:2477
[     693ms] [INFO] %cDownload the React DevTools for a better development experience: https://react.dev/link/react-devtools font-weight:bold @ http://localhost:3001/_next/static/chunks/0k5d_next_dist_1qmvpb9._.js:2477
[     760ms] [LOG] [HMR] connected @ http://localhost:3001/_next/static/chunks/0k5d_next_dist_1qmvpb9._.js:2477
[     922ms] [LOG] [Fast Refresh] rebuilding @ http://localhost:3001/_next/static/chunks/0k5d_next_dist_1qmvpb9._.js:2477
[    1335ms] [LOG] [Fast Refresh] done in 550ms @ http://localhost:3001/_next/static/chunks/0k5d_next_dist_1qmvpb9._.js:2477
[   16480ms] [LOG] [Fast Refresh] rebuilding @ http://localhost:3001/_next/static/chunks/0k5d_next_dist_1qmvpb9._.js:2477
[   16565ms] [LOG] [Fast Refresh] done in 186ms @ http://localhost:3001/_next/static/chunks/0k5d_next_dist_1qmvpb9._.js:2477
[   50234ms] [LOG] [Fast Refresh] rebuilding @ http://localhost:3001/_next/static/chunks/0k5d_next_dist_1qmvpb9._.js:2477
[   50332ms] [LOG] [Fast Refresh] done in 198ms @ http://localhost:3001/_next/static/chunks/0k5d_next_dist_1qmvpb9._.js:2477
[  203655ms] [LOG] [Fast Refresh] rebuilding @ http://localhost:3001/_next/static/chunks/0k5d_next_dist_1qmvpb9._.js:2477
[  203857ms] [LOG] [Fast Refresh] done in 302ms @ http://localhost:3001/_next/static/chunks/0k5d_next_dist_1qmvpb9._.js:2477
[  243531ms] [LOG] [Fast Refresh] rebuilding @ http://localhost:3001/_next/static/chunks/0k5d_next_dist_1qmvpb9._.js:2477
[  243564ms] [LOG] [Fast Refresh] done in 133ms @ http://localhost:3001/_next/static/chunks/0k5d_next_dist_1qmvpb9._.js:2477
[  243824ms] [INFO] %cDownload the React DevTools for a better development experience: https://react.dev/link/react-devtools font-weight:bold @ http://localhost:3001/_next/static/chunks/0k5d_next_dist_1qmvpb9._.js:2477
[  243904ms] [LOG] [HMR] connected @ http://localhost:3001/_next/static/chunks/0k5d_next_dist_1qmvpb9._.js:2477
[  244081ms] [LOG] [Fast Refresh] rebuilding @ http://localhost:3001/_next/static/chunks/0k5d_next_dist_1qmvpb9._.js:2477
[  244100ms] [LOG] [Fast Refresh] done in 120ms @ http://localhost:3001/_next/static/chunks/0k5d_next_dist_1qmvpb9._.js:2477
[  245029ms] [LOG] [Fast Refresh] rebuilding @ http://localhost:3001/_next/static/chunks/0k5d_next_dist_1qmvpb9._.js:2477
[  245136ms] [LOG] [Fast Refresh] done in 208ms @ http://localhost:3001/_next/static/chunks/0k5d_next_dist_1qmvpb9._.js:2477
