[     123ms] [LOG] [Fast Refresh] rebuilding @ http://localhost:3001/_next/static/chunks/0k5d_next_dist_1qmvpb9._.js:2477
[     233ms] [LOG] [Fast Refresh] done in 210ms @ http://localhost:3001/_next/static/chunks/0k5d_next_dist_1qmvpb9._.js:2477
[     535ms] [INFO] %cDownload the React DevTools for a better development experience: https://react.dev/link/react-devtools font-weight:bold @ http://localhost:3001/_next/static/chunks/0k5d_next_dist_1qmvpb9._.js:2477
[     601ms] [LOG] [HMR] connected @ http://localhost:3001/_next/static/chunks/0k5d_next_dist_1qmvpb9._.js:2477
[     748ms] [LOG] [Fast Refresh] rebuilding @ http://localhost:3001/_next/static/chunks/0k5d_next_dist_1qmvpb9._.js:2477
[     835ms] [LOG] [Fast Refresh] done in 188ms @ http://localhost:3001/_next/static/chunks/0k5d_next_dist_1qmvpb9._.js:2477
[     919ms] [ERROR] In HTML, %s cannot be a descendant of <%s>.
This will cause a hydration error.%s <button> button 

  ...
    <SegmentViewNode type="layout" pagePath="(admin)/ad...">
      <SegmentTrieNode>
      <script>
      <script>
      <script>
      <AdminLayout>
        <div className="flex h-scr...">
          <Sidebar>
          <div className="flex flex-...">
            <AdminHeader>
              <header className="sticky top...">
                <div>
                <DropdownMenu>
                  <MenuRoot data-slot="dropdown-menu">
                    <FloatingTree externalTree={{nodesRef:{...}, ...}}>
                      <DropdownMenuTrigger>
                        <MenuTrigger data-slot="dropdown-m...">
>                         <button
>                           type="button"
>                           onClick={function}
>                           onMouseDown={function}
>                           onKeyDown={function}
>                           onKeyUp={function}
>                           onPointerDown={function}
>                           tabIndex={0}
>                           disabled={false}
>                           aria-haspopup="menu"
>                           aria-controls={undefined}
>                           id="base-ui-_R_ed9esndlb_"
>                           data-slot="dropdown-menu-trigger"
>                           ref={function}
>                         >
                            <Button variant="ghost" className="gap-2 px-3">
                              <Button data-slot="button" className={"group/bu..."}>
>                               <button
>                                 type="button"
>                                 onClick={function}
>                                 onMouseDown={function}
>                                 onKeyDown={function}
>                                 onKeyUp={function}
>                                 onPointerDown={function}
>                                 tabIndex={0}
>                                 disabled={false}
>                                 data-slot="button"
>                                 ref={function}
>                                 className={"group/button inline-flex shrink-0 items-center justify-center rounded-l..."}
>                               >
                      ...
            ...
 @ http://localhost:3001/_next/static/chunks/0k5d_next_dist_1qmvpb9._.js:3318
[     920ms] [ERROR] <%s> cannot contain a nested %s.
See this log for the ancestor stack trace. button <button> @ http://localhost:3001/_next/static/chunks/0k5d_next_dist_1qmvpb9._.js:3318
[     992ms] Error: Hydration failed because the server rendered HTML didn't match the client. As a result this tree will be regenerated on the client. This can happen if a SSR-ed Client Component used:

- A server/client branch `if (typeof window !== 'undefined')`.
- Variable input such as `Date.now()` or `Math.random()` which changes each time it's called.
- Date formatting in a user's locale which doesn't match the server.
- External changing data without sending a snapshot of it along with the HTML.
- Invalid HTML tag nesting.

It can also happen if the client has a browser extension installed which messes with the HTML before React loaded.

https://react.dev/link/hydration-mismatch
    at throwOnHydrationMismatch (http://localhost:3001/_next/static/chunks/0k5d_next_dist_compiled_react-dom_1ep3e0o._.js:3318:56)
    at beginWork (http://localhost:3001/_next/static/chunks/0k5d_next_dist_compiled_react-dom_1ep3e0o._.js:6758:918)
    at runWithFiberInDEV (http://localhost:3001/_next/static/chunks/0k5d_next_dist_compiled_react-dom_1ep3e0o._.js:965:74)
    at performUnitOfWork (http://localhost:3001/_next/static/chunks/0k5d_next_dist_compiled_react-dom_1ep3e0o._.js:9555:97)
    at workLoopSync (http://localhost:3001/_next/static/chunks/0k5d_next_dist_compiled_react-dom_1ep3e0o._.js:9449:40)
    at renderRootSync (http://localhost:3001/_next/static/chunks/0k5d_next_dist_compiled_react-dom_1ep3e0o._.js:9433:13)
    at performWorkOnRoot (http://localhost:3001/_next/static/chunks/0k5d_next_dist_compiled_react-dom_1ep3e0o._.js:9061:186)
    at performSyncWorkOnRoot (http://localhost:3001/_next/static/chunks/0k5d_next_dist_compiled_react-dom_1ep3e0o._.js:10263:9)
    at flushSyncWorkAcrossRoots_impl (http://localhost:3001/_next/static/chunks/0k5d_next_dist_compiled_react-dom_1ep3e0o._.js:10179:316)
    at processRootScheduleInMicrotask (http://localhost:3001/_next/static/chunks/0k5d_next_dist_compiled_react-dom_1ep3e0o._.js:10200:106)
    at http://localhost:3001/_next/static/chunks/0k5d_next_dist_compiled_react-dom_1ep3e0o._.js:10274:158
[   40929ms] [LOG] [Fast Refresh] rebuilding @ http://localhost:3001/_next/static/chunks/0k5d_next_dist_1qmvpb9._.js:2477
[   41296ms] [LOG] [Fast Refresh] done in 465ms @ http://localhost:3001/_next/static/chunks/0k5d_next_dist_1qmvpb9._.js:2477
[   69108ms] [LOG] [Fast Refresh] rebuilding @ http://localhost:3001/_next/static/chunks/0k5d_next_dist_1qmvpb9._.js:2477
[   69204ms] [LOG] [Fast Refresh] done in 196ms @ http://localhost:3001/_next/static/chunks/0k5d_next_dist_1qmvpb9._.js:2477
[  138615ms] [LOG] [Fast Refresh] rebuilding @ http://localhost:3001/_next/static/chunks/0k5d_next_dist_1qmvpb9._.js:2477
[  139479ms] [LOG] [Fast Refresh] done in 889ms @ http://localhost:3001/_next/static/chunks/0k5d_next_dist_1qmvpb9._.js:2477
[  155396ms] [LOG] [Fast Refresh] rebuilding @ http://localhost:3001/_next/static/chunks/0k5d_next_dist_1qmvpb9._.js:2477
[  158391ms] [LOG] [Fast Refresh] done in 2962ms @ http://localhost:3001/_next/static/chunks/0k5d_next_dist_1qmvpb9._.js:2477
[  158510ms] [LOG] [Fast Refresh] rebuilding @ http://localhost:3001/_next/static/chunks/0k5d_next_dist_1qmvpb9._.js:2477
[  158942ms] [LOG] [Fast Refresh] done in 545ms @ http://localhost:3001/_next/static/chunks/0k5d_next_dist_1qmvpb9._.js:2477
[  159301ms] [LOG] [Fast Refresh] rebuilding @ http://localhost:3001/_next/static/chunks/0k5d_next_dist_1qmvpb9._.js:2477
[  159317ms] [LOG] [Fast Refresh] done in 116ms @ http://localhost:3001/_next/static/chunks/0k5d_next_dist_1qmvpb9._.js:2477
[  160101ms] [INFO] %cDownload the React DevTools for a better development experience: https://react.dev/link/react-devtools font-weight:bold @ http://localhost:3001/_next/static/chunks/0k5d_next_dist_1qmvpb9._.js:2477
[  160227ms] [LOG] [HMR] connected @ http://localhost:3001/_next/static/chunks/0k5d_next_dist_1qmvpb9._.js:2477
[  160583ms] [LOG] [Fast Refresh] rebuilding @ http://localhost:3001/_next/static/chunks/0k5d_next_dist_1qmvpb9._.js:2477
[  160930ms] [LOG] [Fast Refresh] done in 480ms @ http://localhost:3001/_next/static/chunks/0k5d_next_dist_1qmvpb9._.js:2477
[  187676ms] [LOG] [Fast Refresh] rebuilding @ http://localhost:3001/_next/static/chunks/0k5d_next_dist_1qmvpb9._.js:2477
[  187820ms] [LOG] [Fast Refresh] done in 233ms @ http://localhost:3001/_next/static/chunks/0k5d_next_dist_1qmvpb9._.js:2477
[  285441ms] [ERROR] WebSocket connection to 'ws://localhost:3001/_next/webpack-hmr?id=Tch39Dpuq1G9POFTltrxC' failed: Error in connection establishment: net::ERR_CONNECTION_REFUSED @ http://localhost:3001/_next/static/chunks/0k5d_next_dist_client_1z1on1h._.js:13422
[  286445ms] [ERROR] WebSocket connection to 'ws://localhost:3001/_next/webpack-hmr?id=Tch39Dpuq1G9POFTltrxC' failed: Error in connection establishment: net::ERR_CONNECTION_REFUSED @ http://localhost:3001/_next/static/chunks/0k5d_next_dist_client_1z1on1h._.js:13422
[  289147ms] [LOG] [HMR] connected @ http://localhost:3001/_next/static/chunks/0k5d_next_dist_1qmvpb9._.js:2477
[  292031ms] [INFO] %cDownload the React DevTools for a better development experience: https://react.dev/link/react-devtools font-weight:bold @ http://localhost:3001/_next/static/chunks/0k5d_next_dist_1qmvpb9._.js:2477
[  292258ms] [LOG] [HMR] connected @ http://localhost:3001/_next/static/chunks/0k5d_next_dist_1qmvpb9._.js:2477
