[     116ms] [LOG] [Fast Refresh] rebuilding @ http://localhost:3001/_next/static/chunks/0k5d_next_dist_1qmvpb9._.js:2477
[     128ms] [LOG] [Fast Refresh] done in 113ms @ http://localhost:3001/_next/static/chunks/0k5d_next_dist_1qmvpb9._.js:2477
[     229ms] [LOG] [Fast Refresh] rebuilding @ http://localhost:3001/_next/static/chunks/0k5d_next_dist_1qmvpb9._.js:2477
[     270ms] [LOG] [Fast Refresh] done in 141ms @ http://localhost:3001/_next/static/chunks/0k5d_next_dist_1qmvpb9._.js:2477
[     429ms] [INFO] %cDownload the React DevTools for a better development experience: https://react.dev/link/react-devtools font-weight:bold @ http://localhost:3001/_next/static/chunks/0k5d_next_dist_1qmvpb9._.js:2477
[     465ms] [LOG] [HMR] connected @ http://localhost:3001/_next/static/chunks/0k5d_next_dist_1qmvpb9._.js:2477
[     647ms] [LOG] [Fast Refresh] rebuilding @ http://localhost:3001/_next/static/chunks/0k5d_next_dist_1qmvpb9._.js:2477
[     708ms] [LOG] [Fast Refresh] done in 160ms @ http://localhost:3001/_next/static/chunks/0k5d_next_dist_1qmvpb9._.js:2477
[     750ms] [ERROR] In HTML, %s cannot be a descendant of <%s>.
This will cause a hydration error.%s <button> button 

  ...
    <SegmentViewNode type="layout" pagePath="(admin)/ad...">
      <SegmentTrieNode>
      <script>
      <script>
      <script>
      <AdminLayout>
        <div className="flex h-scr...">
          <Sidebar>
          <div className="flex flex-...">
            <AdminHeader>
              <header className="sticky top...">
                <div>
                <DropdownMenu>
                  <MenuRoot data-slot="dropdown-menu">
                    <FloatingTree externalTree={{nodesRef:{...}, ...}}>
                      <DropdownMenuTrigger>
                        <MenuTrigger data-slot="dropdown-m...">
>                         <button
>                           type="button"
>                           onClick={function}
>                           onMouseDown={function}
>                           onKeyDown={function}
>                           onKeyUp={function}
>                           onPointerDown={function}
>                           tabIndex={0}
>                           disabled={false}
>                           aria-haspopup="menu"
>                           aria-controls={undefined}
>                           id="base-ui-_R_ed9esndlb_"
>                           data-slot="dropdown-menu-trigger"
>                           ref={function}
>                         >
                            <Button variant="ghost" className="gap-2 px-3">
                              <Button data-slot="button" className={"group/bu..."}>
>                               <button
>                                 type="button"
>                                 onClick={function}
>                                 onMouseDown={function}
>                                 onKeyDown={function}
>                                 onKeyUp={function}
>                                 onPointerDown={function}
>                                 tabIndex={0}
>                                 disabled={false}
>                                 data-slot="button"
>                                 ref={function}
>                                 className={"group/button inline-flex shrink-0 items-center justify-center rounded-l..."}
>                               >
                      ...
            ...
 @ http://localhost:3001/_next/static/chunks/0k5d_next_dist_1qmvpb9._.js:3318
[     751ms] [ERROR] <%s> cannot contain a nested %s.
See this log for the ancestor stack trace. button <button> @ http://localhost:3001/_next/static/chunks/0k5d_next_dist_1qmvpb9._.js:3318
[     824ms] Error: Hydration failed because the server rendered HTML didn't match the client. As a result this tree will be regenerated on the client. This can happen if a SSR-ed Client Component used:

- A server/client branch `if (typeof window !== 'undefined')`.
- Variable input such as `Date.now()` or `Math.random()` which changes each time it's called.
- Date formatting in a user's locale which doesn't match the server.
- External changing data without sending a snapshot of it along with the HTML.
- Invalid HTML tag nesting.

It can also happen if the client has a browser extension installed which messes with the HTML before React loaded.

https://react.dev/link/hydration-mismatch
    at throwOnHydrationMismatch (http://localhost:3001/_next/static/chunks/0k5d_next_dist_compiled_react-dom_1ep3e0o._.js:3318:56)
    at beginWork (http://localhost:3001/_next/static/chunks/0k5d_next_dist_compiled_react-dom_1ep3e0o._.js:6758:918)
    at runWithFiberInDEV (http://localhost:3001/_next/static/chunks/0k5d_next_dist_compiled_react-dom_1ep3e0o._.js:965:74)
    at performUnitOfWork (http://localhost:3001/_next/static/chunks/0k5d_next_dist_compiled_react-dom_1ep3e0o._.js:9555:97)
    at workLoopSync (http://localhost:3001/_next/static/chunks/0k5d_next_dist_compiled_react-dom_1ep3e0o._.js:9449:40)
    at renderRootSync (http://localhost:3001/_next/static/chunks/0k5d_next_dist_compiled_react-dom_1ep3e0o._.js:9433:13)
    at performWorkOnRoot (http://localhost:3001/_next/static/chunks/0k5d_next_dist_compiled_react-dom_1ep3e0o._.js:9061:186)
    at performSyncWorkOnRoot (http://localhost:3001/_next/static/chunks/0k5d_next_dist_compiled_react-dom_1ep3e0o._.js:10263:9)
    at flushSyncWorkAcrossRoots_impl (http://localhost:3001/_next/static/chunks/0k5d_next_dist_compiled_react-dom_1ep3e0o._.js:10179:316)
    at processRootScheduleInMicrotask (http://localhost:3001/_next/static/chunks/0k5d_next_dist_compiled_react-dom_1ep3e0o._.js:10200:106)
    at http://localhost:3001/_next/static/chunks/0k5d_next_dist_compiled_react-dom_1ep3e0o._.js:10274:158
