[     173ms] [LOG] [Fast Refresh] rebuilding @ http://localhost:3001/_next/static/chunks/0k5d_next_dist_1qmvpb9._.js:2477
[     321ms] [LOG] [Fast Refresh] done in 249ms @ http://localhost:3001/_next/static/chunks/0k5d_next_dist_1qmvpb9._.js:2477
[     527ms] [INFO] %cDownload the React DevTools for a better development experience: https://react.dev/link/react-devtools font-weight:bold @ http://localhost:3001/_next/static/chunks/0k5d_next_dist_1qmvpb9._.js:2477
[     589ms] [LOG] [HMR] connected @ http://localhost:3001/_next/static/chunks/0k5d_next_dist_1qmvpb9._.js:2477
[     719ms] [LOG] [Fast Refresh] rebuilding @ http://localhost:3001/_next/static/chunks/0k5d_next_dist_1qmvpb9._.js:2477
[     993ms] [LOG] [Fast Refresh] done in 375ms @ http://localhost:3001/_next/static/chunks/0k5d_next_dist_1qmvpb9._.js:2477
[    9925ms] [LOG] [Fast Refresh] rebuilding @ http://localhost:3001/_next/static/chunks/0k5d_next_dist_1qmvpb9._.js:2477
[    9939ms] [LOG] [Fast Refresh] done in 114ms @ http://localhost:3001/_next/static/chunks/0k5d_next_dist_1qmvpb9._.js:2477
[   10494ms] [LOG] [Fast Refresh] rebuilding @ http://localhost:3001/_next/static/chunks/0k5d_next_dist_1qmvpb9._.js:2477
[   10830ms] [LOG] [Fast Refresh] done in 436ms @ http://localhost:3001/_next/static/chunks/0k5d_next_dist_1qmvpb9._.js:2477
[   11054ms] [LOG] [Fast Refresh] rebuilding @ http://localhost:3001/_next/static/chunks/0k5d_next_dist_1qmvpb9._.js:2477
[   11097ms] [LOG] [Fast Refresh] done in 144ms @ http://localhost:3001/_next/static/chunks/0k5d_next_dist_1qmvpb9._.js:2477
[   11213ms] [LOG] [Fast Refresh] rebuilding @ http://localhost:3001/_next/static/chunks/0k5d_next_dist_1qmvpb9._.js:2477
[   11380ms] [LOG] [Fast Refresh] done in 271ms @ http://localhost:3001/_next/static/chunks/0k5d_next_dist_1qmvpb9._.js:2477
[   11461ms] [ERROR] In HTML, %s cannot be a descendant of <%s>.
This will cause a hydration error.%s <button> button 

  ...
    <SegmentViewNode type="layout" pagePath="(admin)/ad...">
      <SegmentTrieNode>
      <script>
      <script>
      <script>
      <AdminLayout>
        <div className="flex h-scr...">
          <Sidebar>
          <div className="flex flex-...">
            <AdminHeader>
              <header className="sticky top...">
                <div>
                <DropdownMenu>
                  <MenuRoot data-slot="dropdown-menu">
                    <FloatingTree externalTree={{nodesRef:{...}, ...}}>
                      <DropdownMenuTrigger>
                        <MenuTrigger data-slot="dropdown-m...">
>                         <button
>                           type="button"
>                           onClick={function}
>                           onMouseDown={function}
>                           onKeyDown={function}
>                           onKeyUp={function}
>                           onPointerDown={function}
>                           tabIndex={0}
>                           disabled={false}
>                           aria-haspopup="menu"
>                           aria-controls={undefined}
>                           id="base-ui-_r_5_"
>                           data-slot="dropdown-menu-trigger"
>                           ref={function}
>                         >
                            <Button variant="ghost" className="gap-2 px-3">
                              <Button data-slot="button" className={"group/bu..."}>
>                               <button
>                                 type="button"
>                                 onClick={function}
>                                 onMouseDown={function}
>                                 onKeyDown={function}
>                                 onKeyUp={function}
>                                 onPointerDown={function}
>                                 tabIndex={0}
>                                 disabled={false}
>                                 data-slot="button"
>                                 ref={function}
>                                 className={"group/button inline-flex shrink-0 items-center justify-center rounded-l..."}
>                               >
                      ...
            ...
 @ http://localhost:3001/_next/static/chunks/0k5d_next_dist_1qmvpb9._.js:3318
[   11463ms] [ERROR] <%s> cannot contain a nested %s.
See this log for the ancestor stack trace. button <button> @ http://localhost:3001/_next/static/chunks/0k5d_next_dist_1qmvpb9._.js:3318
[   11629ms] [LOG] [Fast Refresh] rebuilding @ http://localhost:3001/_next/static/chunks/0k5d_next_dist_1qmvpb9._.js:2477
[   11656ms] [LOG] [Fast Refresh] done in 135ms @ http://localhost:3001/_next/static/chunks/0k5d_next_dist_1qmvpb9._.js:2477
[   20724ms] [LOG] [Fast Refresh] rebuilding @ http://localhost:3001/_next/static/chunks/0k5d_next_dist_1qmvpb9._.js:2477
[   22126ms] [LOG] [Fast Refresh] done in 1501ms @ http://localhost:3001/_next/static/chunks/0k5d_next_dist_1qmvpb9._.js:2477
