[    1825ms] [ERROR] Failed to load resource: the server responded with a status of 404 () @ https://api.whatsapp.com/data/manifest.json:0
[    1874ms] [ERROR] Manifest fetch from https://api.whatsapp.com/data/manifest.json failed, code 404 @ https://api.whatsapp.com/send/?phone=62895324878927&text=Halo+Ka+Faizah%2C%0A%0AInvoice+untuk+pengajuan+Anda+sudah+siap%3A%0A%0ANo.+Invoice%3A+%2AINVG2L853626%2A%0ATotal%3A+%2ARp+1.150.000%2A%0ADP%3A+%2ARp+100.000%2A%0A%0ASilakan+lakukan+pembayaran+DP+untuk+mengamankan+jadwal+Anda.%0A%0ATerima+kasih%2C%0ALovery+Photography&type=phone_number&app_absent=0:0
[  105379ms] [WARNING] Error with Permissions-Policy header: Unrecognized feature: 'bluetooth'. @ :0
[  106496ms] [ERROR] ErrorUtils caught an error:

[storage] storage bucket persistence denied (aquire-persistent-storage-denied)

Subsequent non-fatal errors won't be logged; see https://fburl.com/debugjs. {column: 17870, clientTime: 1783208853, extra: Object, guardList: Array(0), hash: 2afy34} @ https://static.whatsapp.net/rsrc.php/v4/yB/r/xP6tHc9YC0u.js:79
[13630021ms] [ERROR] WebSocket connection to 'wss://web.whatsapp.com/ws/chat' failed: Error in connection establishment: net::ERR_INTERNET_DISCONNECTED @ https://static.whatsapp.net/rsrc.php/v4ix4p4/yu/l/en_GB-j/h1gaUzU8ShV.js:440
[13630034ms] [ERROR] WebSocket connection to 'wss://web.whatsapp.com:5222/ws/chat' failed: Error in connection establishment: net::ERR_INTERNET_DISCONNECTED @ https://static.whatsapp.net/rsrc.php/v4ix4p4/yu/l/en_GB-j/h1gaUzU8ShV.js:440
[13633570ms] [ERROR] WebSocket connection to 'wss://web.whatsapp.com/ws/chat' failed: Error in connection establishment: net::ERR_INTERNET_DISCONNECTED @ https://static.whatsapp.net/rsrc.php/v4ix4p4/yu/l/en_GB-j/h1gaUzU8ShV.js:440
[13633577ms] [ERROR] Failed to load resource: net::ERR_INTERNET_DISCONNECTED @ https://web.whatsapp.com/status.json:0
[13633581ms] [ERROR] WebSocket connection to 'wss://web.whatsapp.com:5222/ws/chat' failed: Error in connection establishment: net::ERR_INTERNET_DISCONNECTED @ https://static.whatsapp.net/rsrc.php/v4ix4p4/yu/l/en_GB-j/h1gaUzU8ShV.js:440
[13639715ms] [ERROR] WebSocket connection to 'wss://web.whatsapp.com/ws/chat' failed: Error in connection establishment: net::ERR_INTERNET_DISCONNECTED @ https://static.whatsapp.net/rsrc.php/v4ix4p4/yu/l/en_GB-j/h1gaUzU8ShV.js:440
[13639715ms] [ERROR] WebSocket connection to 'wss://web.whatsapp.com:5222/ws/chat' failed: Error in connection establishment: net::ERR_INTERNET_DISCONNECTED @ https://static.whatsapp.net/rsrc.php/v4ix4p4/yu/l/en_GB-j/h1gaUzU8ShV.js:440
[13642630ms] [ERROR] WebSocket connection to 'wss://web.whatsapp.com/ws/chat' failed: Error in connection establishment: net::ERR_NAME_NOT_RESOLVED @ https://static.whatsapp.net/rsrc.php/v4ix4p4/yu/l/en_GB-j/h1gaUzU8ShV.js:440
[13642630ms] [ERROR] WebSocket connection to 'wss://web.whatsapp.com:5222/ws/chat' failed: Error in connection establishment: net::ERR_NAME_NOT_RESOLVED @ https://static.whatsapp.net/rsrc.php/v4ix4p4/yu/l/en_GB-j/h1gaUzU8ShV.js:440
[13642843ms] [ERROR] WebSocket connection to 'wss://web.whatsapp.com/ws/chat' failed: Error in connection establishment: net::ERR_INTERNET_DISCONNECTED @ https://static.whatsapp.net/rsrc.php/v4ix4p4/yu/l/en_GB-j/h1gaUzU8ShV.js:440
[13642844ms] [ERROR] WebSocket connection to 'wss://web.whatsapp.com:5222/ws/chat' failed: Error in connection establishment: net::ERR_INTERNET_DISCONNECTED @ https://static.whatsapp.net/rsrc.php/v4ix4p4/yu/l/en_GB-j/h1gaUzU8ShV.js:440
[13647884ms] [ERROR] WebSocket connection to 'wss://web.whatsapp.com/ws/chat' failed: Error in connection establishment: net::ERR_INTERNET_DISCONNECTED @ https://static.whatsapp.net/rsrc.php/v4ix4p4/yu/l/en_GB-j/h1gaUzU8ShV.js:440
[13647887ms] [ERROR] WebSocket connection to 'wss://web.whatsapp.com:5222/ws/chat' failed: Error in connection establishment: net::ERR_INTERNET_DISCONNECTED @ https://static.whatsapp.net/rsrc.php/v4ix4p4/yu/l/en_GB-j/h1gaUzU8ShV.js:440
[13651035ms] [ERROR] WebSocket connection to 'wss://web.whatsapp.com/ws/chat' failed: Error in connection establishment: net::ERR_INTERNET_DISCONNECTED @ https://static.whatsapp.net/rsrc.php/v4ix4p4/yu/l/en_GB-j/h1gaUzU8ShV.js:440
[13651037ms] [ERROR] WebSocket connection to 'wss://web.whatsapp.com:5222/ws/chat' failed: Error in connection establishment: net::ERR_INTERNET_DISCONNECTED @ https://static.whatsapp.net/rsrc.php/v4ix4p4/yu/l/en_GB-j/h1gaUzU8ShV.js:440
[13657968ms] [ERROR] WebSocket connection to 'wss://web.whatsapp.com/ws/chat' failed: Error in connection establishment: net::ERR_INTERNET_DISCONNECTED @ https://static.whatsapp.net/rsrc.php/v4ix4p4/yu/l/en_GB-j/h1gaUzU8ShV.js:440
[13657972ms] [ERROR] WebSocket connection to 'wss://web.whatsapp.com:5222/ws/chat' failed: Error in connection establishment: net::ERR_INTERNET_DISCONNECTED @ https://static.whatsapp.net/rsrc.php/v4ix4p4/yu/l/en_GB-j/h1gaUzU8ShV.js:440
[13661889ms] [ERROR] WebSocket connection to 'wss://web.whatsapp.com/ws/chat' failed: Error in connection establishment: net::ERR_INTERNET_DISCONNECTED @ https://static.whatsapp.net/rsrc.php/v4ix4p4/yu/l/en_GB-j/h1gaUzU8ShV.js:440
[13661894ms] [ERROR] WebSocket connection to 'wss://web.whatsapp.com:5222/ws/chat' failed: Error in connection establishment: net::ERR_INTERNET_DISCONNECTED @ https://static.whatsapp.net/rsrc.php/v4ix4p4/yu/l/en_GB-j/h1gaUzU8ShV.js:440
[13668922ms] [ERROR] WebSocket connection to 'wss://web.whatsapp.com/ws/chat' failed: Error in connection establishment: net::ERR_INTERNET_DISCONNECTED @ https://static.whatsapp.net/rsrc.php/v4ix4p4/yu/l/en_GB-j/h1gaUzU8ShV.js:440
[13668931ms] [ERROR] WebSocket connection to 'wss://web.whatsapp.com:5222/ws/chat' failed: Error in connection establishment: net::ERR_INTERNET_DISCONNECTED @ https://static.whatsapp.net/rsrc.php/v4ix4p4/yu/l/en_GB-j/h1gaUzU8ShV.js:440
[13672230ms] [ERROR] WebSocket connection to 'wss://web.whatsapp.com/ws/chat' failed: Error in connection establishment: net::ERR_INTERNET_DISCONNECTED @ https://static.whatsapp.net/rsrc.php/v4ix4p4/yu/l/en_GB-j/h1gaUzU8ShV.js:440
[13672235ms] [ERROR] WebSocket connection to 'wss://web.whatsapp.com:5222/ws/chat' failed: Error in connection establishment: net::ERR_INTERNET_DISCONNECTED @ https://static.whatsapp.net/rsrc.php/v4ix4p4/yu/l/en_GB-j/h1gaUzU8ShV.js:440
[13679035ms] [ERROR] WebSocket connection to 'wss://web.whatsapp.com/ws/chat' failed: Error in connection establishment: net::ERR_INTERNET_DISCONNECTED @ https://static.whatsapp.net/rsrc.php/v4ix4p4/yu/l/en_GB-j/h1gaUzU8ShV.js:440
[13679056ms] [ERROR] WebSocket connection to 'wss://web.whatsapp.com:5222/ws/chat' failed: Error in connection establishment: net::ERR_INTERNET_DISCONNECTED @ https://static.whatsapp.net/rsrc.php/v4ix4p4/yu/l/en_GB-j/h1gaUzU8ShV.js:440
[13682912ms] [ERROR] WebSocket connection to 'wss://web.whatsapp.com/ws/chat' failed: Error in connection establishment: net::ERR_INTERNET_DISCONNECTED @ https://static.whatsapp.net/rsrc.php/v4ix4p4/yu/l/en_GB-j/h1gaUzU8ShV.js:440
[13682950ms] [ERROR] WebSocket connection to 'wss://web.whatsapp.com:5222/ws/chat' failed: Error in connection establishment: net::ERR_INTERNET_DISCONNECTED @ https://static.whatsapp.net/rsrc.php/v4ix4p4/yu/l/en_GB-j/h1gaUzU8ShV.js:440
[13689148ms] [ERROR] WebSocket connection to 'wss://web.whatsapp.com/ws/chat' failed: Error in connection establishment: net::ERR_INTERNET_DISCONNECTED @ https://static.whatsapp.net/rsrc.php/v4ix4p4/yu/l/en_GB-j/h1gaUzU8ShV.js:440
[13689148ms] [ERROR] WebSocket connection to 'wss://web.whatsapp.com:5222/ws/chat' failed: Error in connection establishment: net::ERR_INTERNET_DISCONNECTED @ https://static.whatsapp.net/rsrc.php/v4ix4p4/yu/l/en_GB-j/h1gaUzU8ShV.js:440
[13693944ms] [ERROR] WebSocket connection to 'wss://web.whatsapp.com/ws/chat' failed: Error in connection establishment: net::ERR_INTERNET_DISCONNECTED @ https://static.whatsapp.net/rsrc.php/v4ix4p4/yu/l/en_GB-j/h1gaUzU8ShV.js:440
[13694051ms] [ERROR] WebSocket connection to 'wss://web.whatsapp.com:5222/ws/chat' failed: Error in connection establishment: net::ERR_INTERNET_DISCONNECTED @ https://static.whatsapp.net/rsrc.php/v4ix4p4/yu/l/en_GB-j/h1gaUzU8ShV.js:440
[13699536ms] [ERROR] WebSocket connection to 'wss://web.whatsapp.com/ws/chat' failed: Error in connection establishment: net::ERR_INTERNET_DISCONNECTED @ https://static.whatsapp.net/rsrc.php/v4ix4p4/yu/l/en_GB-j/h1gaUzU8ShV.js:440
[13699536ms] [ERROR] WebSocket connection to 'wss://web.whatsapp.com:5222/ws/chat' failed: Error in connection establishment: net::ERR_INTERNET_DISCONNECTED @ https://static.whatsapp.net/rsrc.php/v4ix4p4/yu/l/en_GB-j/h1gaUzU8ShV.js:440
[13704283ms] [ERROR] WebSocket connection to 'wss://web.whatsapp.com/ws/chat' failed: Error in connection establishment: net::ERR_INTERNET_DISCONNECTED @ https://static.whatsapp.net/rsrc.php/v4ix4p4/yu/l/en_GB-j/h1gaUzU8ShV.js:440
[13704283ms] [ERROR] WebSocket connection to 'wss://web.whatsapp.com:5222/ws/chat' failed: Error in connection establishment: net::ERR_INTERNET_DISCONNECTED @ https://static.whatsapp.net/rsrc.php/v4ix4p4/yu/l/en_GB-j/h1gaUzU8ShV.js:440
[13709962ms] [ERROR] WebSocket connection to 'wss://web.whatsapp.com/ws/chat' failed: Error in connection establishment: net::ERR_INTERNET_DISCONNECTED @ https://static.whatsapp.net/rsrc.php/v4ix4p4/yu/l/en_GB-j/h1gaUzU8ShV.js:440
[13709963ms] [ERROR] WebSocket connection to 'wss://web.whatsapp.com:5222/ws/chat' failed: Error in connection establishment: net::ERR_INTERNET_DISCONNECTED @ https://static.whatsapp.net/rsrc.php/v4ix4p4/yu/l/en_GB-j/h1gaUzU8ShV.js:440
[13714466ms] [ERROR] WebSocket connection to 'wss://web.whatsapp.com/ws/chat' failed: Error in connection establishment: net::ERR_INTERNET_DISCONNECTED @ https://static.whatsapp.net/rsrc.php/v4ix4p4/yu/l/en_GB-j/h1gaUzU8ShV.js:440
[13714469ms] [ERROR] WebSocket connection to 'wss://web.whatsapp.com:5222/ws/chat' failed: Error in connection establishment: net::ERR_INTERNET_DISCONNECTED @ https://static.whatsapp.net/rsrc.php/v4ix4p4/yu/l/en_GB-j/h1gaUzU8ShV.js:440
[13720953ms] [ERROR] WebSocket connection to 'wss://web.whatsapp.com/ws/chat' failed: Error in connection establishment: net::ERR_INTERNET_DISCONNECTED @ https://static.whatsapp.net/rsrc.php/v4ix4p4/yu/l/en_GB-j/h1gaUzU8ShV.js:440
[13720963ms] [ERROR] WebSocket connection to 'wss://web.whatsapp.com:5222/ws/chat' failed: Error in connection establishment: net::ERR_INTERNET_DISCONNECTED @ https://static.whatsapp.net/rsrc.php/v4ix4p4/yu/l/en_GB-j/h1gaUzU8ShV.js:440
[13725021ms] [ERROR] WebSocket connection to 'wss://web.whatsapp.com/ws/chat' failed: Error in connection establishment: net::ERR_INTERNET_DISCONNECTED @ https://static.whatsapp.net/rsrc.php/v4ix4p4/yu/l/en_GB-j/h1gaUzU8ShV.js:440
[13725220ms] [ERROR] WebSocket connection to 'wss://web.whatsapp.com:5222/ws/chat' failed: Error in connection establishment: net::ERR_INTERNET_DISCONNECTED @ https://static.whatsapp.net/rsrc.php/v4ix4p4/yu/l/en_GB-j/h1gaUzU8ShV.js:440
[13731608ms] [ERROR] WebSocket connection to 'wss://web.whatsapp.com/ws/chat' failed: Error in connection establishment: net::ERR_INTERNET_DISCONNECTED @ https://static.whatsapp.net/rsrc.php/v4ix4p4/yu/l/en_GB-j/h1gaUzU8ShV.js:440
[13732388ms] [ERROR] WebSocket connection to 'wss://web.whatsapp.com:5222/ws/chat' failed: Error in connection establishment: net::ERR_INTERNET_DISCONNECTED @ https://static.whatsapp.net/rsrc.php/v4ix4p4/yu/l/en_GB-j/h1gaUzU8ShV.js:440
[13737144ms] [ERROR] WebSocket connection to 'wss://web.whatsapp.com/ws/chat' failed: Error in connection establishment: net::ERR_INTERNET_DISCONNECTED @ https://static.whatsapp.net/rsrc.php/v4ix4p4/yu/l/en_GB-j/h1gaUzU8ShV.js:440
[13739687ms] [ERROR] WebSocket connection to 'wss://web.whatsapp.com:5222/ws/chat' failed: Error in connection establishment: net::ERR_INTERNET_DISCONNECTED @ https://static.whatsapp.net/rsrc.php/v4ix4p4/yu/l/en_GB-j/h1gaUzU8ShV.js:440
[13743991ms] [ERROR] WebSocket connection to 'wss://web.whatsapp.com:5222/ws/chat' failed: Error in connection establishment: net::ERR_INTERNET_DISCONNECTED @ https://static.whatsapp.net/rsrc.php/v4ix4p4/yu/l/en_GB-j/h1gaUzU8ShV.js:440
[13746734ms] [ERROR] WebSocket connection to 'wss://web.whatsapp.com/ws/chat' failed: Error in connection establishment: net::ERR_INTERNET_DISCONNECTED @ https://static.whatsapp.net/rsrc.php/v4ix4p4/yu/l/en_GB-j/h1gaUzU8ShV.js:440
[13752402ms] [ERROR] WebSocket connection to 'wss://web.whatsapp.com/ws/chat' failed: Error in connection establishment: net::ERR_INTERNET_DISCONNECTED @ https://static.whatsapp.net/rsrc.php/v4ix4p4/yu/l/en_GB-j/h1gaUzU8ShV.js:440
[13753188ms] [ERROR] WebSocket connection to 'wss://web.whatsapp.com:5222/ws/chat' failed: Error in connection establishment: net::ERR_INTERNET_DISCONNECTED @ https://static.whatsapp.net/rsrc.php/v4ix4p4/yu/l/en_GB-j/h1gaUzU8ShV.js:440
[13760599ms] [ERROR] WebSocket connection to 'wss://web.whatsapp.com/ws/chat' failed: Error in connection establishment: net::ERR_INTERNET_DISCONNECTED @ https://static.whatsapp.net/rsrc.php/v4ix4p4/yu/l/en_GB-j/h1gaUzU8ShV.js:440
[13761114ms] [ERROR] WebSocket connection to 'wss://web.whatsapp.com:5222/ws/chat' failed: Error in connection establishment: net::ERR_INTERNET_DISCONNECTED @ https://static.whatsapp.net/rsrc.php/v4ix4p4/yu/l/en_GB-j/h1gaUzU8ShV.js:440
[13766601ms] [ERROR] WebSocket connection to 'wss://web.whatsapp.com:5222/ws/chat' failed: Error in connection establishment: net::ERR_INTERNET_DISCONNECTED @ https://static.whatsapp.net/rsrc.php/v4ix4p4/yu/l/en_GB-j/h1gaUzU8ShV.js:440
[13767007ms] [ERROR] WebSocket connection to 'wss://web.whatsapp.com/ws/chat' failed: Error in connection establishment: net::ERR_INTERNET_DISCONNECTED @ https://static.whatsapp.net/rsrc.php/v4ix4p4/yu/l/en_GB-j/h1gaUzU8ShV.js:440
[13774918ms] [ERROR] WebSocket connection to 'wss://web.whatsapp.com/ws/chat' failed: Error in connection establishment: net::ERR_INTERNET_DISCONNECTED @ https://static.whatsapp.net/rsrc.php/v4ix4p4/yu/l/en_GB-j/h1gaUzU8ShV.js:440
[13775343ms] [ERROR] WebSocket connection to 'wss://web.whatsapp.com:5222/ws/chat' failed: Error in connection establishment: net::ERR_INTERNET_DISCONNECTED @ https://static.whatsapp.net/rsrc.php/v4ix4p4/yu/l/en_GB-j/h1gaUzU8ShV.js:440
[13780905ms] [ERROR] WebSocket connection to 'wss://web.whatsapp.com/ws/chat' failed: Error in connection establishment: net::ERR_INTERNET_DISCONNECTED @ https://static.whatsapp.net/rsrc.php/v4ix4p4/yu/l/en_GB-j/h1gaUzU8ShV.js:440
[13781139ms] [ERROR] WebSocket connection to 'wss://web.whatsapp.com:5222/ws/chat' failed: Error in connection establishment: net::ERR_INTERNET_DISCONNECTED @ https://static.whatsapp.net/rsrc.php/v4ix4p4/yu/l/en_GB-j/h1gaUzU8ShV.js:440
[13787604ms] [ERROR] WebSocket connection to 'wss://web.whatsapp.com:5222/ws/chat' failed: Error in connection establishment: net::ERR_INTERNET_DISCONNECTED @ https://static.whatsapp.net/rsrc.php/v4ix4p4/yu/l/en_GB-j/h1gaUzU8ShV.js:440
[13790920ms] [ERROR] WebSocket connection to 'wss://web.whatsapp.com/ws/chat' failed: Error in connection establishment: net::ERR_INTERNET_DISCONNECTED @ https://static.whatsapp.net/rsrc.php/v4ix4p4/yu/l/en_GB-j/h1gaUzU8ShV.js:440
[13795242ms] [ERROR] WebSocket connection to 'wss://web.whatsapp.com:5222/ws/chat' failed: Error in connection establishment: net::ERR_INTERNET_DISCONNECTED @ https://static.whatsapp.net/rsrc.php/v4ix4p4/yu/l/en_GB-j/h1gaUzU8ShV.js:440
[13796914ms] [ERROR] WebSocket connection to 'wss://web.whatsapp.com/ws/chat' failed: Error in connection establishment: net::ERR_INTERNET_DISCONNECTED @ https://static.whatsapp.net/rsrc.php/v4ix4p4/yu/l/en_GB-j/h1gaUzU8ShV.js:440
[13805708ms] [ERROR] WebSocket connection to 'wss://web.whatsapp.com:5222/ws/chat' failed: Error in connection establishment: net::ERR_INTERNET_DISCONNECTED @ https://static.whatsapp.net/rsrc.php/v4ix4p4/yu/l/en_GB-j/h1gaUzU8ShV.js:440
[13806215ms] [ERROR] WebSocket connection to 'wss://web.whatsapp.com/ws/chat' failed: Error in connection establishment: net::ERR_INTERNET_DISCONNECTED @ https://static.whatsapp.net/rsrc.php/v4ix4p4/yu/l/en_GB-j/h1gaUzU8ShV.js:440
[13811621ms] [ERROR] WebSocket connection to 'wss://web.whatsapp.com:5222/ws/chat' failed: Error in connection establishment: net::ERR_INTERNET_DISCONNECTED @ https://static.whatsapp.net/rsrc.php/v4ix4p4/yu/l/en_GB-j/h1gaUzU8ShV.js:440
[13811849ms] [ERROR] WebSocket connection to 'wss://web.whatsapp.com/ws/chat' failed: Error in connection establishment: net::ERR_INTERNET_DISCONNECTED @ https://static.whatsapp.net/rsrc.php/v4ix4p4/yu/l/en_GB-j/h1gaUzU8ShV.js:440
[13819225ms] [ERROR] WebSocket connection to 'wss://web.whatsapp.com/ws/chat' failed: Error in connection establishment: net::ERR_INTERNET_DISCONNECTED @ https://static.whatsapp.net/rsrc.php/v4ix4p4/yu/l/en_GB-j/h1gaUzU8ShV.js:440
[13821338ms] [ERROR] WebSocket connection to 'wss://web.whatsapp.com:5222/ws/chat' failed: Error in connection establishment: net::ERR_INTERNET_DISCONNECTED @ https://static.whatsapp.net/rsrc.php/v4ix4p4/yu/l/en_GB-j/h1gaUzU8ShV.js:440
[13825816ms] [ERROR] WebSocket connection to 'wss://web.whatsapp.com/ws/chat' failed: Error in connection establishment: net::ERR_INTERNET_DISCONNECTED @ https://static.whatsapp.net/rsrc.php/v4ix4p4/yu/l/en_GB-j/h1gaUzU8ShV.js:440
[13826349ms] [ERROR] WebSocket connection to 'wss://web.whatsapp.com:5222/ws/chat' failed: Error in connection establishment: net::ERR_INTERNET_DISCONNECTED @ https://static.whatsapp.net/rsrc.php/v4ix4p4/yu/l/en_GB-j/h1gaUzU8ShV.js:440
[13833795ms] [ERROR] WebSocket connection to 'wss://web.whatsapp.com/ws/chat' failed: Error in connection establishment: net::ERR_INTERNET_DISCONNECTED @ https://static.whatsapp.net/rsrc.php/v4ix4p4/yu/l/en_GB-j/h1gaUzU8ShV.js:440
[13834610ms] [ERROR] WebSocket connection to 'wss://web.whatsapp.com:5222/ws/chat' failed: Error in connection establishment: net::ERR_INTERNET_DISCONNECTED @ https://static.whatsapp.net/rsrc.php/v4ix4p4/yu/l/en_GB-j/h1gaUzU8ShV.js:440
[13838921ms] [ERROR] WebSocket connection to 'wss://web.whatsapp.com/ws/chat' failed: Error in connection establishment: net::ERR_INTERNET_DISCONNECTED @ https://static.whatsapp.net/rsrc.php/v4ix4p4/yu/l/en_GB-j/h1gaUzU8ShV.js:440
[13840777ms] [ERROR] WebSocket connection to 'wss://web.whatsapp.com:5222/ws/chat' failed: Error in connection establishment: net::ERR_INTERNET_DISCONNECTED @ https://static.whatsapp.net/rsrc.php/v4ix4p4/yu/l/en_GB-j/h1gaUzU8ShV.js:440
[13846429ms] [ERROR] WebSocket connection to 'wss://web.whatsapp.com/ws/chat' failed: Error in connection establishment: net::ERR_INTERNET_DISCONNECTED @ https://static.whatsapp.net/rsrc.php/v4ix4p4/yu/l/en_GB-j/h1gaUzU8ShV.js:440
[13846585ms] [ERROR] WebSocket connection to 'wss://web.whatsapp.com:5222/ws/chat' failed: Error in connection establishment: net::ERR_INTERNET_DISCONNECTED @ https://static.whatsapp.net/rsrc.php/v4ix4p4/yu/l/en_GB-j/h1gaUzU8ShV.js:440
