[     134ms] [LOG] [Fast Refresh] rebuilding @ http://localhost:3001/_next/static/chunks/0k5d_next_dist_1qmvpb9._.js:2477
[     248ms] [LOG] [Fast Refresh] done in 213ms @ http://localhost:3001/_next/static/chunks/0k5d_next_dist_1qmvpb9._.js:2477
[     348ms] [LOG] [Fast Refresh] rebuilding @ http://localhost:3001/_next/static/chunks/0k5d_next_dist_1qmvpb9._.js:2477
[     369ms] [LOG] [Fast Refresh] done in 120ms @ http://localhost:3001/_next/static/chunks/0k5d_next_dist_1qmvpb9._.js:2477
[     702ms] [INFO] %cDownload the React DevTools for a better development experience: https://react.dev/link/react-devtools font-weight:bold @ http://localhost:3001/_next/static/chunks/0k5d_next_dist_1qmvpb9._.js:2477
[     793ms] [LOG] [HMR] connected @ http://localhost:3001/_next/static/chunks/0k5d_next_dist_1qmvpb9._.js:2477
[     938ms] [LOG] [Fast Refresh] rebuilding @ http://localhost:3001/_next/static/chunks/0k5d_next_dist_1qmvpb9._.js:2477
[     953ms] [ERROR] In HTML, %s cannot be a descendant of <%s>.
This will cause a hydration error.%s <button> button 

  ...
    <SegmentViewNode type="layout" pagePath="(admin)/ad...">
      <SegmentTrieNode>
      <script>
      <script>
      <script>
      <AdminLayout>
        <div className="flex h-scr...">
          <Sidebar>
          <div className="flex flex-...">
            <AdminHeader>
              <header className="sticky top...">
                <div>
                <DropdownMenu>
                  <MenuRoot data-slot="dropdown-menu">
                    <FloatingTree externalTree={{nodesRef:{...}, ...}}>
                      <DropdownMenuTrigger>
                        <MenuTrigger data-slot="dropdown-m...">
>                         <button
>                           type="button"
>                           onClick={function}
>                           onMouseDown={function}
>                           onKeyDown={function}
>                           onKeyUp={function}
>                           onPointerDown={function}
>                           tabIndex={0}
>                           disabled={false}
>                           aria-haspopup="menu"
>                           aria-controls={undefined}
>                           id="base-ui-_R_ed9esndlb_"
>                           data-slot="dropdown-menu-trigger"
>                           ref={function}
>                         >
                            <Button variant="ghost" className="gap-2 px-3">
                              <Button data-slot="button" className={"group/bu..."}>
>                               <button
>                                 type="button"
>                                 onClick={function}
>                                 onMouseDown={function}
>                                 onKeyDown={function}
>                                 onKeyUp={function}
>                                 onPointerDown={function}
>                                 tabIndex={0}
>                                 disabled={false}
>                                 data-slot="button"
>                                 ref={function}
>                                 className={"group/button inline-flex shrink-0 items-center justify-center rounded-l..."}
>                               >
                      ...
            ...
 @ http://localhost:3001/_next/static/chunks/0k5d_next_dist_1qmvpb9._.js:3318
[     955ms] [ERROR] <%s> cannot contain a nested %s.
See this log for the ancestor stack trace. button <button> @ http://localhost:3001/_next/static/chunks/0k5d_next_dist_1qmvpb9._.js:3318
[    1186ms] Error: Hydration failed because the server rendered HTML didn't match the client. As a result this tree will be regenerated on the client. This can happen if a SSR-ed Client Component used:

- A server/client branch `if (typeof window !== 'undefined')`.
- Variable input such as `Date.now()` or `Math.random()` which changes each time it's called.
- Date formatting in a user's locale which doesn't match the server.
- External changing data without sending a snapshot of it along with the HTML.
- Invalid HTML tag nesting.

It can also happen if the client has a browser extension installed which messes with the HTML before React loaded.

https://react.dev/link/hydration-mismatch
    at throwOnHydrationMismatch (http://localhost:3001/_next/static/chunks/0k5d_next_dist_compiled_react-dom_1ep3e0o._.js:3318:56)
    at beginWork (http://localhost:3001/_next/static/chunks/0k5d_next_dist_compiled_react-dom_1ep3e0o._.js:6758:918)
    at runWithFiberInDEV (http://localhost:3001/_next/static/chunks/0k5d_next_dist_compiled_react-dom_1ep3e0o._.js:965:74)
    at performUnitOfWork (http://localhost:3001/_next/static/chunks/0k5d_next_dist_compiled_react-dom_1ep3e0o._.js:9555:97)
    at workLoopConcurrentByScheduler (http://localhost:3001/_next/static/chunks/0k5d_next_dist_compiled_react-dom_1ep3e0o._.js:9551:58)
    at renderRootConcurrent (http://localhost:3001/_next/static/chunks/0k5d_next_dist_compiled_react-dom_1ep3e0o._.js:9534:71)
    at performWorkOnRoot (http://localhost:3001/_next/static/chunks/0k5d_next_dist_compiled_react-dom_1ep3e0o._.js:9061:150)
    at performWorkOnRootViaSchedulerTask (http://localhost:3001/_next/static/chunks/0k5d_next_dist_compiled_react-dom_1ep3e0o._.js:10255:9)
    at MessagePort.performWorkUntilDeadline (http://localhost:3001/_next/static/chunks/0k5d_next_dist_compiled_1-s7kk0._.js:2647:64)
[    1494ms] [LOG] [Fast Refresh] done in 662ms @ http://localhost:3001/_next/static/chunks/0k5d_next_dist_1qmvpb9._.js:2477
[   11292ms] [LOG] [Fast Refresh] rebuilding @ http://localhost:3001/_next/static/chunks/0k5d_next_dist_1qmvpb9._.js:2477
[   12029ms] [LOG] [Fast Refresh] done in 838ms @ http://localhost:3001/_next/static/chunks/0k5d_next_dist_1qmvpb9._.js:2477
